<?xml version="1.0" encoding="UTF-8"?>
<testng-results skipped="0" failed="0" ignored="0" total="1" passed="1">
  <reporter-output>
  </reporter-output>
  <suite name="Default suite" duration-ms="44765" started-at="2020-08-04T09:10:30Z" finished-at="2020-08-04T09:11:15Z">
    <groups>
    </groups>
    <test name="Default test" duration-ms="44765" started-at="2020-08-04T09:10:30Z" finished-at="2020-08-04T09:11:15Z">
      <class name="com.autdeskcrm.conatcttest.CreateAndDeleteContactWithOrgNameTest">
        <test-method status="PASS" signature="configBS()[pri:0, instance:com.autdeskcrm.conatcttest.CreateAndDeleteContactWithOrgNameTest@4883b407]" name="configBS" is-config="true" duration-ms="945" started-at="2020-08-04T09:10:29Z" finished-at="2020-08-04T09:10:30Z">
          <reporter-output>
          </reporter-output>
        </test-method> <!-- configBS -->
        <test-method status="PASS" signature="configBC()[pri:0, instance:com.autdeskcrm.conatcttest.CreateAndDeleteContactWithOrgNameTest@4883b407]" name="configBC" is-config="true" duration-ms="4037" started-at="2020-08-04T09:10:30Z" finished-at="2020-08-04T09:10:34Z">
          <reporter-output>
          </reporter-output>
        </test-method> <!-- configBC -->
        <test-method status="PASS" signature="configBM()[pri:0, instance:com.autdeskcrm.conatcttest.CreateAndDeleteContactWithOrgNameTest@4883b407]" name="configBM" is-config="true" duration-ms="3767" started-at="2020-08-04T09:10:34Z" finished-at="2020-08-04T09:10:38Z">
          <reporter-output>
          </reporter-output>
        </test-method> <!-- configBM -->
        <test-method status="PASS" signature="createAndDeletContactWithOrgTest()[pri:0, instance:com.autdeskcrm.conatcttest.CreateAndDeleteContactWithOrgNameTest@4883b407]" name="createAndDeletContactWithOrgTest" duration-ms="35083" started-at="2020-08-04T09:10:38Z" finished-at="2020-08-04T09:11:13Z">
          <reporter-output>
          </reporter-output>
        </test-method> <!-- createAndDeletContactWithOrgTest -->
        <test-method status="PASS" signature="configAM()[pri:0, instance:com.autdeskcrm.conatcttest.CreateAndDeleteContactWithOrgNameTest@4883b407]" name="configAM" is-config="true" duration-ms="1541" started-at="2020-08-04T09:11:13Z" finished-at="2020-08-04T09:11:14Z">
          <reporter-output>
          </reporter-output>
        </test-method> <!-- configAM -->
        <test-method status="PASS" signature="configAC()[pri:0, instance:com.autdeskcrm.conatcttest.CreateAndDeleteContactWithOrgNameTest@4883b407]" name="configAC" is-config="true" duration-ms="311" started-at="2020-08-04T09:11:14Z" finished-at="2020-08-04T09:11:15Z">
          <reporter-output>
          </reporter-output>
        </test-method> <!-- configAC -->
        <test-method status="PASS" signature="configAS()[pri:0, instance:com.autdeskcrm.conatcttest.CreateAndDeleteContactWithOrgNameTest@4883b407]" name="configAS" is-config="true" duration-ms="2" started-at="2020-08-04T09:11:15Z" finished-at="2020-08-04T09:11:15Z">
          <reporter-output>
          </reporter-output>
        </test-method> <!-- configAS -->
      </class> <!-- com.autdeskcrm.conatcttest.CreateAndDeleteContactWithOrgNameTest -->
    </test> <!-- Default test -->
  </suite> <!-- Default suite -->
</testng-results>
